<?xml version="1.0" encoding="UTF-8"?>
<!-- Generated by org.testng.reporters.JUnitReportReporter -->
<testsuite skipped="2" hostname="kirans-MacBook-Pro.local" name="TestSc.notificationPage" tests="2" failures="0" timestamp="26 Sep 2017 11:17:01 GMT" time="0.002" errors="0">
  <testcase name="verifyPostNavigationFromNotificationTab" time="0.000" classname="TestSc.notificationPage">
    <skipped/>
  </testcase> <!-- verifyPostNavigationFromNotificationTab -->
  <testcase name="swipeBetweenTabs" time="0.002" classname="TestSc.notificationPage">
    <skipped/>
  </testcase> <!-- swipeBetweenTabs -->
</testsuite> <!-- TestSc.notificationPage -->
