<?xml version="1.0" encoding="UTF-8"?>
<!-- Generated by org.testng.reporters.JUnitReportReporter -->
<testsuite skipped="3" hostname="kirans-MacBook-Pro.local" name="TestSc.LoginPage" tests="3" failures="0" timestamp="26 Sep 2017 11:17:01 GMT" time="0.009" errors="0">
  <testcase name="EnterOTPScreen" time="0.002" classname="TestSc.LoginPage">
    <skipped/>
  </testcase> <!-- EnterOTPScreen -->
  <testcase name="EnterMobileNumber" time="0.005" classname="TestSc.LoginPage">
    <skipped/>
  </testcase> <!-- EnterMobileNumber -->
  <testcase name="SelectCountryFromList" time="0.002" classname="TestSc.LoginPage">
    <skipped/>
  </testcase> <!-- SelectCountryFromList -->
</testsuite> <!-- TestSc.LoginPage -->
