<?xml version="1.0" encoding="UTF-8"?>
<!-- Generated by org.testng.reporters.JUnitReportReporter -->
<testsuite name="com.loany.test.Signup.SeekerSignUp" tests="10" time="106.115" ignored="0" failures="0" timestamp="28 Jun 2017 03:21:25 GMT" skipped="0" hostname="DESKTOP-V3NB9Q4" errors="0">
  <testcase name="Welcomescreens" time="17.853" classname="com.loany.test.Signup.SeekerSignUp"/>
  <testcase name="AboutMeScreen" time="17.246" classname="com.loany.test.Signup.SeekerSignUp"/>
  <testcase name="LoanAmount" time="2.765" classname="com.loany.test.Signup.SeekerSignUp"/>
  <testcase name="MonthlySalarySrc" time="3.765" classname="com.loany.test.Signup.SeekerSignUp"/>
  <testcase name="EMIScreen" time="2.634" classname="com.loany.test.Signup.SeekerSignUp"/>
  <testcase name="mobileNumberScreen" time="12.786" classname="com.loany.test.Signup.SeekerSignUp"/>
  <testcase name="VerifyPIN" time="21.798" classname="com.loany.test.Signup.SeekerSignUp"/>
  <testcase name="LocationScreen" time="3.459" classname="com.loany.test.Signup.SeekerSignUp"/>
  <testcase name="LoanType" time="16.820" classname="com.loany.test.Signup.SeekerSignUp"/>
  <testcase name="ProfessionScreen" time="6.989" classname="com.loany.test.Signup.SeekerSignUp"/>
</testsuite> <!-- com.loany.test.Signup.SeekerSignUp -->
